<?xml version="1.0" encoding="UTF-8"?>
<testsuite name="com.anish.ShoppingSite.service.ShoppingCartServiceImplTest" tests="3" skipped="0" failures="0" errors="0" timestamp="2020-08-18T00:00:15" hostname="Ban-1aniprasad-M.local" time="0.014">
  <properties/>
  <testcase name="testAddToCartForShoppingCartExceptionCase2" classname="com.anish.ShoppingSite.service.ShoppingCartServiceImplTest" time="0.012"/>
  <testcase name="testAddToCart" classname="com.anish.ShoppingSite.service.ShoppingCartServiceImplTest" time="0.0"/>
  <testcase name="testAddToCartForShoppingCartException" classname="com.anish.ShoppingSite.service.ShoppingCartServiceImplTest" time="0.001"/>
  <system-out><![CDATA[]]></system-out>
  <system-err><![CDATA[]]></system-err>
</testsuite>
