<?xml version="1.0" encoding="UTF-8"?>
<testsuite name="com.anish.ShoppingSite.service.OrderServiceTest" tests="8" skipped="0" failures="0" errors="0" timestamp="2020-07-23T21:55:36" hostname="angular" time="0.321">
  <properties/>
  <testcase name="testRemoveOrderedItemForOrderNotFoundException" classname="com.anish.ShoppingSite.service.OrderServiceTest" time="0.298"/>
  <testcase name="testOrderedListForSuccess" classname="com.anish.ShoppingSite.service.OrderServiceTest" time="0.005"/>
  <testcase name="testCreateOrderForUserNotFoundException" classname="com.anish.ShoppingSite.service.OrderServiceTest" time="0.001"/>
  <testcase name="testCancelOrderForCompleted" classname="com.anish.ShoppingSite.service.OrderServiceTest" time="0.003"/>
  <testcase name="testCancelOrderForOrderNotFoundException" classname="com.anish.ShoppingSite.service.OrderServiceTest" time="0.002"/>
  <testcase name="testCancelOrderForSuccess" classname="com.anish.ShoppingSite.service.OrderServiceTest" time="0.002"/>
  <testcase name="testCreateOrderForSuccess" classname="com.anish.ShoppingSite.service.OrderServiceTest" time="0.002"/>
  <testcase name="testRemoveOrderedItemForSuccess" classname="com.anish.ShoppingSite.service.OrderServiceTest" time="0.002"/>
  <system-out><![CDATA[]]></system-out>
  <system-err><![CDATA[]]></system-err>
</testsuite>
