<?xml version="1.0" encoding="UTF-8"?>
<testsuite name="com.anish.ShoppingSite.service.UserServiceTest" tests="13" skipped="0" failures="0" errors="0" timestamp="2020-08-18T00:00:15" hostname="Ban-1aniprasad-M.local" time="0.11">
  <properties/>
  <testcase name="listOfUsersforUserNotFoundException" classname="com.anish.ShoppingSite.service.UserServiceTest" time="0.094"/>
  <testcase name="removeUserTestForUserNotFoundException" classname="com.anish.ShoppingSite.service.UserServiceTest" time="0.003"/>
  <testcase name="isUserAdminReturnTrue" classname="com.anish.ShoppingSite.service.UserServiceTest" time="0.001"/>
  <testcase name="CreateUserTestforUserServiceException" classname="com.anish.ShoppingSite.service.UserServiceTest" time="0.002"/>
  <testcase name="UpdateUserTestforUserServiceException" classname="com.anish.ShoppingSite.service.UserServiceTest" time="0.001"/>
  <testcase name="findUserByIdTestforSuccess" classname="com.anish.ShoppingSite.service.UserServiceTest" time="0.0"/>
  <testcase name="listOfUsersforSuccessfull" classname="com.anish.ShoppingSite.service.UserServiceTest" time="0.004"/>
  <testcase name="UpdateUserTestforSuccessfull" classname="com.anish.ShoppingSite.service.UserServiceTest" time="0.0"/>
  <testcase name="isUserAdminforUserNotFoundException" classname="com.anish.ShoppingSite.service.UserServiceTest" time="0.001"/>
  <testcase name="removeUserTestForSuccess" classname="com.anish.ShoppingSite.service.UserServiceTest" time="0.001"/>
  <testcase name="findUserByIdTestforUserNotFound" classname="com.anish.ShoppingSite.service.UserServiceTest" time="0.001"/>
  <testcase name="isUserAdminReturnFalse" classname="com.anish.ShoppingSite.service.UserServiceTest" time="0.001"/>
  <testcase name="CreateUserTestforSuccessfull" classname="com.anish.ShoppingSite.service.UserServiceTest" time="0.0"/>
  <system-out><![CDATA[]]></system-out>
  <system-err><![CDATA[]]></system-err>
</testsuite>
