<?xml version="1.0" encoding="UTF-8"?>
<testsuite name="com.anish.ShoppingSite.service.ShoppingCartServiceImplTest" tests="3" skipped="0" failures="0" errors="0" timestamp="2020-07-23T21:55:36" hostname="angular" time="0.029">
  <properties/>
  <testcase name="testAddToCartForShoppingCartExceptionCase2" classname="com.anish.ShoppingSite.service.ShoppingCartServiceImplTest" time="0.025"/>
  <testcase name="testAddToCart" classname="com.anish.ShoppingSite.service.ShoppingCartServiceImplTest" time="0.002"/>
  <testcase name="testAddToCartForShoppingCartException" classname="com.anish.ShoppingSite.service.ShoppingCartServiceImplTest" time="0.001"/>
  <system-out><![CDATA[]]></system-out>
  <system-err><![CDATA[]]></system-err>
</testsuite>
