<?xml version="1.0" encoding="UTF-8"?>
<testsuite name="com.anish.ShoppingSite.service.OrderServiceTest" tests="8" skipped="0" failures="0" errors="0" timestamp="2020-08-18T00:00:15" hostname="Ban-1aniprasad-M.local" time="0.023">
  <properties/>
  <testcase name="testRemoveOrderedItemForOrderNotFoundException" classname="com.anish.ShoppingSite.service.OrderServiceTest" time="0.017"/>
  <testcase name="testOrderedListForSuccess" classname="com.anish.ShoppingSite.service.OrderServiceTest" time="0.001"/>
  <testcase name="testCreateOrderForUserNotFoundException" classname="com.anish.ShoppingSite.service.OrderServiceTest" time="0.001"/>
  <testcase name="testCancelOrderForCompleted" classname="com.anish.ShoppingSite.service.OrderServiceTest" time="0.001"/>
  <testcase name="testCancelOrderForOrderNotFoundException" classname="com.anish.ShoppingSite.service.OrderServiceTest" time="0.001"/>
  <testcase name="testCancelOrderForSuccess" classname="com.anish.ShoppingSite.service.OrderServiceTest" time="0.0"/>
  <testcase name="testCreateOrderForSuccess" classname="com.anish.ShoppingSite.service.OrderServiceTest" time="0.0"/>
  <testcase name="testRemoveOrderedItemForSuccess" classname="com.anish.ShoppingSite.service.OrderServiceTest" time="0.0"/>
  <system-out><![CDATA[]]></system-out>
  <system-err><![CDATA[]]></system-err>
</testsuite>
